Grammar

    0 $accept: program $end

    1 program: program term
    2        | term

    3 term: PRECOMPILER
    4     | AND
    5     | INT
    6     | BOOL
    7     | BREAK
    8     | BY
    9     | CHAR
   10     | DO
   11     | ELSE
   12     | BOOLCONST
   13     | FOR
   14     | IF
   15     | NOT
   16     | OR
   17     | RETURN
   18     | STATIC
   19     | THEN
   20     | TO
   21     | WHILE
   22     | OP
   23     | LEQ
   24     | MIN
   25     | MAX
   26     | NEQ
   27     | MULASS
   28     | INC
   29     | ADDASS
   30     | DEC
   31     | SUBASS
   32     | DIVASS
   33     | EQ
   34     | GEQ
   35     | NUMCONST
   36     | STRINGCONST
   37     | CHARCONST
   38     | ID
   39     | ERROR


Terminals, with rules where they appear

$end (0) 0
error (256)
INT (258) 5
AND (259) 4
BOOL (260) 6
PRECOMPILER (261) 3
ERROR (262) 39
BREAK (263) 7
BY (264) 8
CHAR (265) 9
DO (266) 10
ELSE (267) 11
BOOLCONST (268) 12
FOR (269) 13
IF (270) 14
NOT (271) 15
OR (272) 16
RETURN (273) 17
STATIC (274) 18
THEN (275) 19
TO (276) 20
WHILE (277) 21
OP (278) 22
LEQ (279) 23
MIN (280) 24
MAX (281) 25
NEQ (282) 26
MULASS (283) 27
INC (284) 28
ADDASS (285) 29
DEC (286) 30
SUBASS (287) 31
DIVASS (288) 32
EQ (289) 33
GEQ (290) 34
NUMCONST (291) 35
STRINGCONST (292) 36
CHARCONST (293) 37
ID (294) 38


Nonterminals, with rules where they appear

$accept (40)
    on left: 0
program (41)
    on left: 1 2, on right: 0 1
term (42)
    on left: 3 4 5 6 7 8 9 10 11 12 13 14 15 16 17 18 19 20 21 22 23
    24 25 26 27 28 29 30 31 32 33 34 35 36 37 38 39, on right: 1 2


State 0

    0 $accept: . program $end

    INT          shift, and go to state 1
    AND          shift, and go to state 2
    BOOL         shift, and go to state 3
    PRECOMPILER  shift, and go to state 4
    ERROR        shift, and go to state 5
    BREAK        shift, and go to state 6
    BY           shift, and go to state 7
    CHAR         shift, and go to state 8
    DO           shift, and go to state 9
    ELSE         shift, and go to state 10
    BOOLCONST    shift, and go to state 11
    FOR          shift, and go to state 12
    IF           shift, and go to state 13
    NOT          shift, and go to state 14
    OR           shift, and go to state 15
    RETURN       shift, and go to state 16
    STATIC       shift, and go to state 17
    THEN         shift, and go to state 18
    TO           shift, and go to state 19
    WHILE        shift, and go to state 20
    OP           shift, and go to state 21
    LEQ          shift, and go to state 22
    MIN          shift, and go to state 23
    MAX          shift, and go to state 24
    NEQ          shift, and go to state 25
    MULASS       shift, and go to state 26
    INC          shift, and go to state 27
    ADDASS       shift, and go to state 28
    DEC          shift, and go to state 29
    SUBASS       shift, and go to state 30
    DIVASS       shift, and go to state 31
    EQ           shift, and go to state 32
    GEQ          shift, and go to state 33
    NUMCONST     shift, and go to state 34
    STRINGCONST  shift, and go to state 35
    CHARCONST    shift, and go to state 36
    ID           shift, and go to state 37

    program  go to state 38
    term     go to state 39


State 1

    5 term: INT .

    $default  reduce using rule 5 (term)


State 2

    4 term: AND .

    $default  reduce using rule 4 (term)


State 3

    6 term: BOOL .

    $default  reduce using rule 6 (term)


State 4

    3 term: PRECOMPILER .

    $default  reduce using rule 3 (term)


State 5

   39 term: ERROR .

    $default  reduce using rule 39 (term)


State 6

    7 term: BREAK .

    $default  reduce using rule 7 (term)


State 7

    8 term: BY .

    $default  reduce using rule 8 (term)


State 8

    9 term: CHAR .

    $default  reduce using rule 9 (term)


State 9

   10 term: DO .

    $default  reduce using rule 10 (term)


State 10

   11 term: ELSE .

    $default  reduce using rule 11 (term)


State 11

   12 term: BOOLCONST .

    $default  reduce using rule 12 (term)


State 12

   13 term: FOR .

    $default  reduce using rule 13 (term)


State 13

   14 term: IF .

    $default  reduce using rule 14 (term)


State 14

   15 term: NOT .

    $default  reduce using rule 15 (term)


State 15

   16 term: OR .

    $default  reduce using rule 16 (term)


State 16

   17 term: RETURN .

    $default  reduce using rule 17 (term)


State 17

   18 term: STATIC .

    $default  reduce using rule 18 (term)


State 18

   19 term: THEN .

    $default  reduce using rule 19 (term)


State 19

   20 term: TO .

    $default  reduce using rule 20 (term)


State 20

   21 term: WHILE .

    $default  reduce using rule 21 (term)


State 21

   22 term: OP .

    $default  reduce using rule 22 (term)


State 22

   23 term: LEQ .

    $default  reduce using rule 23 (term)


State 23

   24 term: MIN .

    $default  reduce using rule 24 (term)


State 24

   25 term: MAX .

    $default  reduce using rule 25 (term)


State 25

   26 term: NEQ .

    $default  reduce using rule 26 (term)


State 26

   27 term: MULASS .

    $default  reduce using rule 27 (term)


State 27

   28 term: INC .

    $default  reduce using rule 28 (term)


State 28

   29 term: ADDASS .

    $default  reduce using rule 29 (term)


State 29

   30 term: DEC .

    $default  reduce using rule 30 (term)


State 30

   31 term: SUBASS .

    $default  reduce using rule 31 (term)


State 31

   32 term: DIVASS .

    $default  reduce using rule 32 (term)


State 32

   33 term: EQ .

    $default  reduce using rule 33 (term)


State 33

   34 term: GEQ .

    $default  reduce using rule 34 (term)


State 34

   35 term: NUMCONST .

    $default  reduce using rule 35 (term)


State 35

   36 term: STRINGCONST .

    $default  reduce using rule 36 (term)


State 36

   37 term: CHARCONST .

    $default  reduce using rule 37 (term)


State 37

   38 term: ID .

    $default  reduce using rule 38 (term)


State 38

    0 $accept: program . $end
    1 program: program . term

    $end         shift, and go to state 40
    INT          shift, and go to state 1
    AND          shift, and go to state 2
    BOOL         shift, and go to state 3
    PRECOMPILER  shift, and go to state 4
    ERROR        shift, and go to state 5
    BREAK        shift, and go to state 6
    BY           shift, and go to state 7
    CHAR         shift, and go to state 8
    DO           shift, and go to state 9
    ELSE         shift, and go to state 10
    BOOLCONST    shift, and go to state 11
    FOR          shift, and go to state 12
    IF           shift, and go to state 13
    NOT          shift, and go to state 14
    OR           shift, and go to state 15
    RETURN       shift, and go to state 16
    STATIC       shift, and go to state 17
    THEN         shift, and go to state 18
    TO           shift, and go to state 19
    WHILE        shift, and go to state 20
    OP           shift, and go to state 21
    LEQ          shift, and go to state 22
    MIN          shift, and go to state 23
    MAX          shift, and go to state 24
    NEQ          shift, and go to state 25
    MULASS       shift, and go to state 26
    INC          shift, and go to state 27
    ADDASS       shift, and go to state 28
    DEC          shift, and go to state 29
    SUBASS       shift, and go to state 30
    DIVASS       shift, and go to state 31
    EQ           shift, and go to state 32
    GEQ          shift, and go to state 33
    NUMCONST     shift, and go to state 34
    STRINGCONST  shift, and go to state 35
    CHARCONST    shift, and go to state 36
    ID           shift, and go to state 37

    term  go to state 41


State 39

    2 program: term .

    $default  reduce using rule 2 (program)


State 40

    0 $accept: program $end .

    $default  accept


State 41

    1 program: program term .

    $default  reduce using rule 1 (program)
